# JRE version: OpenJDK Runtime Environment (8.0_282-b08) (build 1.8.0_282-b08)
# Java VM: OpenJDK 64-Bit Server VM (25.282-b08 mixed mode bsd-amd64 compressed oops)
Heap:
 PSYoungGen      total 870912K, used 316526K [0x000000076ab00000, 0x00000007a9480000, 0x00000007c0000000)
  eden space 834560K, 33% used [0x000000076ab00000,0x000000077bc9d6a8,0x000000079da00000)
  from space 36352K, 99% used [0x000000079da00000,0x000000079fd7e510,0x000000079fd80000)
  to   space 48128K, 0% used [0x00000007a6580000,0x00000007a6580000,0x00000007a9480000)
 ParOldGen       total 290816K, used 79490K [0x00000006c0000000, 0x00000006d1c00000, 0x000000076ab00000)
  object space 290816K, 27% used [0x00000006c0000000,0x00000006c4da09a8,0x00000006d1c00000)
 Metaspace       used 75911K, capacity 78152K, committed 78336K, reserved 1118208K
  class space    used 8932K, capacity 9620K, committed 9728K, reserved 1048576K
GC Heap History (10 events):
Event: 8.927 GC heap before
{Heap before GC invocations=12 (full 2):
 PSYoungGen      total 592384K, used 582581K [0x000000076ab00000, 0x0000000797700000, 0x00000007c0000000)
  eden space 565760K, 100% used [0x000000076ab00000,0x000000078d380000,0x000000078d380000)
  from space 26624K, 63% used [0x000000078d380000,0x000000078e3ed748,0x000000078ed80000)
  to   space 26624K, 0% used [0x0000000795d00000,0x0000000795d00000,0x0000000797700000)
 ParOldGen       total 202752K, used 36929K [0x00000006c0000000, 0x00000006cc600000, 0x000000076ab00000)
  object space 202752K, 18% used [0x00000006c0000000,0x00000006c24107b8,0x00000006cc600000)
 Metaspace       used 55472K, capacity 56404K, committed 56704K, reserved 1099776K
  class space    used 6497K, capacity 6706K, committed 6784K, reserved 1048576K
Event: 8.949 GC heap after
Heap after GC invocations=12 (full 2):
 PSYoungGen      total 700416K, used 26612K [0x000000076ab00000, 0x0000000798380000, 0x00000007c0000000)
  eden space 673792K, 0% used [0x000000076ab00000,0x000000076ab00000,0x0000000793d00000)
  from space 26624K, 99% used [0x0000000795d00000,0x00000007976fd178,0x0000000797700000)
  to   space 32768K, 0% used [0x0000000793d00000,0x0000000793d00000,0x0000000795d00000)
 ParOldGen       total 202752K, used 42548K [0x00000006c0000000, 0x00000006cc600000, 0x000000076ab00000)
  object space 202752K, 20% used [0x00000006c0000000,0x00000006c298d308,0x00000006cc600000)
 Metaspace       used 55472K, capacity 56404K, committed 56704K, reserved 1099776K
  class space    used 6497K, capacity 6706K, committed 6784K, reserved 1048576K
}
Event: 9.389 GC heap before
{Heap before GC invocations=13 (full 2):
 PSYoungGen      total 700416K, used 162429K [0x000000076ab00000, 0x0000000798380000, 0x00000007c0000000)
  eden space 673792K, 20% used [0x000000076ab00000,0x0000000772fa24c8,0x0000000793d00000)
  from space 26624K, 99% used [0x0000000795d00000,0x00000007976fd178,0x0000000797700000)
  to   space 32768K, 0% used [0x0000000793d00000,0x0000000793d00000,0x0000000795d00000)
 ParOldGen       total 202752K, used 42548K [0x00000006c0000000, 0x00000006cc600000, 0x000000076ab00000)
  object space 202752K, 20% used [0x00000006c0000000,0x00000006c298d308,0x00000006cc600000)
 Metaspace       used 58124K, capacity 59034K, committed 59160K, reserved 1101824K
  class space    used 6802K, capacity 7027K, committed 7040K, reserved 1048576K
Event: 9.407 GC heap after
Heap after GC invocations=13 (full 2):
 PSYoungGen      total 706560K, used 28214K [0x000000076ab00000, 0x00000007a2d00000, 0x00000007c0000000)
  eden space 673792K, 0% used [0x000000076ab00000,0x000000076ab00000,0x0000000793d00000)
  from space 32768K, 86% used [0x0000000793d00000,0x000000079588d810,0x0000000795d00000)
  to   space 35840K, 0% used [0x00000007a0a00000,0x00000007a0a00000,0x00000007a2d00000)
 ParOldGen       total 202752K, used 42556K [0x00000006c0000000, 0x00000006cc600000, 0x000000076ab00000)
  object space 202752K, 20% used [0x00000006c0000000,0x00000006c298f308,0x00000006cc600000)
 Metaspace       used 58124K, capacity 59034K, committed 59160K, reserved 1101824K
  class space    used 6802K, capacity 7027K, committed 7040K, reserved 1048576K
}
Event: 9.407 GC heap before
{Heap before GC invocations=14 (full 3):
 PSYoungGen      total 706560K, used 28214K [0x000000076ab00000, 0x00000007a2d00000, 0x00000007c0000000)
  eden space 673792K, 0% used [0x000000076ab00000,0x000000076ab00000,0x0000000793d00000)
  from space 32768K, 86% used [0x0000000793d00000,0x000000079588d810,0x0000000795d00000)
  to   space 35840K, 0% used [0x00000007a0a00000,0x00000007a0a00000,0x00000007a2d00000)
 ParOldGen       total 202752K, used 42556K [0x00000006c0000000, 0x00000006cc600000, 0x000000076ab00000)
  object space 202752K, 20% used [0x00000006c0000000,0x00000006c298f308,0x00000006cc600000)
 Metaspace       used 58124K, capacity 59034K, committed 59160K, reserved 1101824K
  class space    used 6802K, capacity 7027K, committed 7040K, reserved 1048576K
Event: 9.636 GC heap after
Heap after GC invocations=14 (full 3):
 PSYoungGen      total 706560K, used 0K [0x000000076ab00000, 0x00000007a2d00000, 0x00000007c0000000)
  eden space 673792K, 0% used [0x000000076ab00000,0x000000076ab00000,0x0000000793d00000)
  from space 32768K, 0% used [0x0000000793d00000,0x0000000793d00000,0x0000000795d00000)
  to   space 35840K, 0% used [0x00000007a0a00000,0x00000007a0a00000,0x00000007a2d00000)
 ParOldGen       total 290816K, used 62729K [0x00000006c0000000, 0x00000006d1c00000, 0x000000076ab00000)
  object space 290816K, 21% used [0x00000006c0000000,0x00000006c3d42770,0x00000006d1c00000)
 Metaspace       used 58124K, capacity 59034K, committed 59160K, reserved 1101824K
  class space    used 6802K, capacity 7027K, committed 7040K, reserved 1048576K
}
Event: 12.175 GC heap before
{Heap before GC invocations=15 (full 3):
 PSYoungGen      total 706560K, used 673792K [0x000000076ab00000, 0x00000007a2d00000, 0x00000007c0000000)
  eden space 673792K, 100% used [0x000000076ab00000,0x0000000793d00000,0x0000000793d00000)
  from space 32768K, 0% used [0x0000000793d00000,0x0000000793d00000,0x0000000795d00000)
  to   space 35840K, 0% used [0x00000007a0a00000,0x00000007a0a00000,0x00000007a2d00000)
 ParOldGen       total 290816K, used 62729K [0x00000006c0000000, 0x00000006d1c00000, 0x000000076ab00000)
  object space 290816K, 21% used [0x00000006c0000000,0x00000006c3d42770,0x00000006d1c00000)
 Metaspace       used 64304K, capacity 65410K, committed 65536K, reserved 1107968K
  class space    used 7575K, capacity 7846K, committed 7936K, reserved 1048576K
Event: 12.191 GC heap after
Heap after GC invocations=15 (full 3):
 PSYoungGen      total 826880K, used 23170K [0x000000076ab00000, 0x00000007a2100000, 0x00000007c0000000)
  eden space 803328K, 0% used [0x000000076ab00000,0x000000076ab00000,0x000000079bb80000)
  from space 23552K, 98% used [0x00000007a0a00000,0x00000007a20a0920,0x00000007a2100000)
  to   space 36352K, 0% used [0x000000079da00000,0x000000079da00000,0x000000079fd80000)
 ParOldGen       total 290816K, used 62737K [0x00000006c0000000, 0x00000006d1c00000, 0x000000076ab00000)
  object space 290816K, 21% used [0x00000006c0000000,0x00000006c3d44770,0x00000006d1c00000)
 Metaspace       used 64304K, capacity 65410K, committed 65536K, reserved 1107968K
  class space    used 7575K, capacity 7846K, committed 7936K, reserved 1048576K
}
Event: 1959.909 GC heap before
{Heap before GC invocations=16 (full 3):
 PSYoungGen      total 826880K, used 826498K [0x000000076ab00000, 0x00000007a2100000, 0x00000007c0000000)
  eden space 803328K, 100% used [0x000000076ab00000,0x000000079bb80000,0x000000079bb80000)
  from space 23552K, 98% used [0x00000007a0a00000,0x00000007a20a0920,0x00000007a2100000)
  to   space 36352K, 0% used [0x000000079da00000,0x000000079da00000,0x000000079fd80000)
 ParOldGen       total 290816K, used 62737K [0x00000006c0000000, 0x00000006d1c00000, 0x000000076ab00000)
  object space 290816K, 21% used [0x00000006c0000000,0x00000006c3d44770,0x00000006d1c00000)
 Metaspace       used 74309K, capacity 76416K, committed 76672K, reserved 1116160K
  class space    used 8852K, capacity 9498K, committed 9600K, reserved 1048576K
Event: 1959.941 GC heap after
Heap after GC invocations=16 (full 3):
 PSYoungGen      total 870912K, used 36345K [0x000000076ab00000, 0x00000007a9480000, 0x00000007c0000000)
  eden space 834560K, 0% used [0x000000076ab00000,0x000000076ab00000,0x000000079da00000)
  from space 36352K, 99% used [0x000000079da00000,0x000000079fd7e510,0x000000079fd80000)
  to   space 48128K, 0% used [0x00000007a6580000,0x00000007a6580000,0x00000007a9480000)
 ParOldGen       total 290816K, used 79490K [0x00000006c0000000, 0x00000006d1c00000, 0x000000076ab00000)
  object space 290816K, 27% used [0x00000006c0000000,0x00000006c4da09a8,0x00000006d1c00000)
 Metaspace       used 74309K, capacity 76416K, committed 76672K, reserved 1116160K
  class space    used 8852K, capacity 9498K, committed 9600K, reserved 1048576K
}

