# JRE version: OpenJDK Runtime Environment (8.0_282-b08) (build 1.8.0_282-b08)
# Java VM: OpenJDK 64-Bit Server VM (25.282-b08 mixed mode bsd-amd64 compressed oops)
Heap:
 PSYoungGen      total 816128K, used 702694K [0x000000076ab00000, 0x00000007a5580000, 0x00000007c0000000)
  eden space 780288K, 85% used [0x000000076ab00000,0x000000079363d980,0x000000079a500000)
  from space 35840K, 99% used [0x000000079a500000,0x000000079c7fc1d0,0x000000079c800000)
  to   space 42496K, 0% used [0x00000007a2c00000,0x00000007a2c00000,0x00000007a5580000)
 ParOldGen       total 297472K, used 66427K [0x00000006c0000000, 0x00000006d2280000, 0x000000076ab00000)
  object space 297472K, 22% used [0x00000006c0000000,0x00000006c40dee78,0x00000006d2280000)
 Metaspace       used 78488K, capacity 82314K, committed 82560K, reserved 1120256K
  class space    used 9585K, capacity 10813K, committed 10880K, reserved 1048576K
GC Heap History (10 events):
Event: 8.613 GC heap before
{Heap before GC invocations=12 (full 2):
 PSYoungGen      total 569344K, used 558222K [0x000000076ab00000, 0x0000000795800000, 0x00000007c0000000)
  eden space 542720K, 99% used [0x000000076ab00000,0x000000078bba2a70,0x000000078bd00000)
  from space 26624K, 63% used [0x000000078bd00000,0x000000078cd80f98,0x000000078d700000)
  to   space 26624K, 0% used [0x0000000793e00000,0x0000000793e00000,0x0000000795800000)
 ParOldGen       total 206336K, used 36908K [0x00000006c0000000, 0x00000006cc980000, 0x000000076ab00000)
  object space 206336K, 17% used [0x00000006c0000000,0x00000006c240b0d0,0x00000006cc980000)
 Metaspace       used 55224K, capacity 56182K, committed 56448K, reserved 1099776K
  class space    used 6465K, capacity 6675K, committed 6784K, reserved 1048576K
Event: 8.633 GC heap after
Heap after GC invocations=12 (full 2):
 PSYoungGen      total 669184K, used 26602K [0x000000076ab00000, 0x0000000796100000, 0x00000007c0000000)
  eden space 642560K, 0% used [0x000000076ab00000,0x000000076ab00000,0x0000000791e80000)
  from space 26624K, 99% used [0x0000000793e00000,0x00000007957fa860,0x0000000795800000)
  to   space 32256K, 0% used [0x0000000791e80000,0x0000000791e80000,0x0000000793e00000)
 ParOldGen       total 206336K, used 41364K [0x00000006c0000000, 0x00000006cc980000, 0x000000076ab00000)
  object space 206336K, 20% used [0x00000006c0000000,0x00000006c2865218,0x00000006cc980000)
 Metaspace       used 55224K, capacity 56182K, committed 56448K, reserved 1099776K
  class space    used 6465K, capacity 6675K, committed 6784K, reserved 1048576K
}
Event: 9.152 GC heap before
{Heap before GC invocations=13 (full 2):
 PSYoungGen      total 669184K, used 200418K [0x000000076ab00000, 0x0000000796100000, 0x00000007c0000000)
  eden space 642560K, 27% used [0x000000076ab00000,0x00000007754be288,0x0000000791e80000)
  from space 26624K, 99% used [0x0000000793e00000,0x00000007957fa860,0x0000000795800000)
  to   space 32256K, 0% used [0x0000000791e80000,0x0000000791e80000,0x0000000793e00000)
 ParOldGen       total 206336K, used 41364K [0x00000006c0000000, 0x00000006cc980000, 0x000000076ab00000)
  object space 206336K, 20% used [0x00000006c0000000,0x00000006c2865218,0x00000006cc980000)
 Metaspace       used 58131K, capacity 59030K, committed 59160K, reserved 1101824K
  class space    used 6805K, capacity 7027K, committed 7040K, reserved 1048576K
Event: 9.171 GC heap after
Heap after GC invocations=13 (full 2):
 PSYoungGen      total 674816K, used 28530K [0x000000076ab00000, 0x000000079f780000, 0x00000007c0000000)
  eden space 642560K, 0% used [0x000000076ab00000,0x000000076ab00000,0x0000000791e80000)
  from space 32256K, 88% used [0x0000000791e80000,0x0000000793a5caf8,0x0000000793e00000)
  to   space 35328K, 0% used [0x000000079d500000,0x000000079d500000,0x000000079f780000)
 ParOldGen       total 206336K, used 41372K [0x00000006c0000000, 0x00000006cc980000, 0x000000076ab00000)
  object space 206336K, 20% used [0x00000006c0000000,0x00000006c2867218,0x00000006cc980000)
 Metaspace       used 58131K, capacity 59030K, committed 59160K, reserved 1101824K
  class space    used 6805K, capacity 7027K, committed 7040K, reserved 1048576K
}
Event: 9.171 GC heap before
{Heap before GC invocations=14 (full 3):
 PSYoungGen      total 674816K, used 28530K [0x000000076ab00000, 0x000000079f780000, 0x00000007c0000000)
  eden space 642560K, 0% used [0x000000076ab00000,0x000000076ab00000,0x0000000791e80000)
  from space 32256K, 88% used [0x0000000791e80000,0x0000000793a5caf8,0x0000000793e00000)
  to   space 35328K, 0% used [0x000000079d500000,0x000000079d500000,0x000000079f780000)
 ParOldGen       total 206336K, used 41372K [0x00000006c0000000, 0x00000006cc980000, 0x000000076ab00000)
  object space 206336K, 20% used [0x00000006c0000000,0x00000006c2867218,0x00000006cc980000)
 Metaspace       used 58131K, capacity 59030K, committed 59160K, reserved 1101824K
  class space    used 6805K, capacity 7027K, committed 7040K, reserved 1048576K
Event: 9.392 GC heap after
Heap after GC invocations=14 (full 3):
 PSYoungGen      total 674816K, used 0K [0x000000076ab00000, 0x000000079f780000, 0x00000007c0000000)
  eden space 642560K, 0% used [0x000000076ab00000,0x000000076ab00000,0x0000000791e80000)
  from space 32256K, 0% used [0x0000000791e80000,0x0000000791e80000,0x0000000793e00000)
  to   space 35328K, 0% used [0x000000079d500000,0x000000079d500000,0x000000079f780000)
 ParOldGen       total 297472K, used 62937K [0x00000006c0000000, 0x00000006d2280000, 0x000000076ab00000)
  object space 297472K, 21% used [0x00000006c0000000,0x00000006c3d767a8,0x00000006d2280000)
 Metaspace       used 58131K, capacity 59030K, committed 59160K, reserved 1101824K
  class space    used 6805K, capacity 7027K, committed 7040K, reserved 1048576K
}
Event: 11.706 GC heap before
{Heap before GC invocations=15 (full 3):
 PSYoungGen      total 674816K, used 642560K [0x000000076ab00000, 0x000000079f780000, 0x00000007c0000000)
  eden space 642560K, 100% used [0x000000076ab00000,0x0000000791e80000,0x0000000791e80000)
  from space 32256K, 0% used [0x0000000791e80000,0x0000000791e80000,0x0000000793e00000)
  to   space 35328K, 0% used [0x000000079d500000,0x000000079d500000,0x000000079f780000)
 ParOldGen       total 297472K, used 62937K [0x00000006c0000000, 0x00000006d2280000, 0x000000076ab00000)
  object space 297472K, 21% used [0x00000006c0000000,0x00000006c3d767a8,0x00000006d2280000)
 Metaspace       used 64034K, capacity 65126K, committed 65408K, reserved 1107968K
  class space    used 7534K, capacity 7790K, committed 7808K, reserved 1048576K
Event: 11.723 GC heap after
Heap after GC invocations=15 (full 3):
 PSYoungGen      total 783360K, used 22489K [0x000000076ab00000, 0x000000079eb00000, 0x00000007c0000000)
  eden space 760832K, 0% used [0x000000076ab00000,0x000000076ab00000,0x0000000799200000)
  from space 22528K, 99% used [0x000000079d500000,0x000000079eaf67e8,0x000000079eb00000)
  to   space 35840K, 0% used [0x000000079a500000,0x000000079a500000,0x000000079c800000)
 ParOldGen       total 297472K, used 62945K [0x00000006c0000000, 0x00000006d2280000, 0x000000076ab00000)
  object space 297472K, 21% used [0x00000006c0000000,0x00000006c3d787a8,0x00000006d2280000)
 Metaspace       used 64034K, capacity 65126K, committed 65408K, reserved 1107968K
  class space    used 7534K, capacity 7790K, committed 7808K, reserved 1048576K
}
Event: 43.390 GC heap before
{Heap before GC invocations=16 (full 3):
 PSYoungGen      total 783360K, used 783321K [0x000000076ab00000, 0x000000079eb00000, 0x00000007c0000000)
  eden space 760832K, 100% used [0x000000076ab00000,0x0000000799200000,0x0000000799200000)
  from space 22528K, 99% used [0x000000079d500000,0x000000079eaf67e8,0x000000079eb00000)
  to   space 35840K, 0% used [0x000000079a500000,0x000000079a500000,0x000000079c800000)
 ParOldGen       total 297472K, used 62945K [0x00000006c0000000, 0x00000006d2280000, 0x000000076ab00000)
  object space 297472K, 21% used [0x00000006c0000000,0x00000006c3d787a8,0x00000006d2280000)
 Metaspace       used 72567K, capacity 75006K, committed 75264K, reserved 1114112K
  class space    used 8805K, capacity 9621K, committed 9728K, reserved 1048576K
Event: 43.415 GC heap after
Heap after GC invocations=16 (full 3):
 PSYoungGen      total 816128K, used 35824K [0x000000076ab00000, 0x00000007a5580000, 0x00000007c0000000)
  eden space 780288K, 0% used [0x000000076ab00000,0x000000076ab00000,0x000000079a500000)
  from space 35840K, 99% used [0x000000079a500000,0x000000079c7fc1d0,0x000000079c800000)
  to   space 42496K, 0% used [0x00000007a2c00000,0x00000007a2c00000,0x00000007a5580000)
 ParOldGen       total 297472K, used 66427K [0x00000006c0000000, 0x00000006d2280000, 0x000000076ab00000)
  object space 297472K, 22% used [0x00000006c0000000,0x00000006c40dee78,0x00000006d2280000)
 Metaspace       used 72567K, capacity 75006K, committed 75264K, reserved 1114112K
  class space    used 8805K, capacity 9621K, committed 9728K, reserved 1048576K
}

